#! /usr/bin/vvp
:ivl_version "12.0 (stable)";
:ivl_delay_selection "TYPICAL";
:vpi_time_precision + 0;
:vpi_module "/usr/lib/x86_64-linux-gnu/ivl/system.vpi";
:vpi_module "/usr/lib/x86_64-linux-gnu/ivl/vhdl_sys.vpi";
:vpi_module "/usr/lib/x86_64-linux-gnu/ivl/vhdl_textio.vpi";
:vpi_module "/usr/lib/x86_64-linux-gnu/ivl/v2005_math.vpi";
:vpi_module "/usr/lib/x86_64-linux-gnu/ivl/va_math.vpi";
S_0x5c93989ac4f0 .scope module, "BCD" "BCD" 2 1;
 .timescale 0 0;
    .port_info 0 /INPUT 8 "Seconds";
    .port_info 1 /INPUT 8 "Minutes";
    .port_info 2 /INPUT 8 "Hours";
    .port_info 3 /INPUT 3 "Acknowledge";
    .port_info 4 /INPUT 1 "clk";
    .port_info 5 /OUTPUT 4 "bcd";
    .port_info 6 /OUTPUT 8 "c";
P_0x5c93989ad0a0 .param/l "Maxcount" 0 2 1, +C4<00000000000000110000110101000000>;
o0x7a48e7ab6018 .functor BUFZ 3, C4<zzz>; HiZ drive
v0x5c93989ac7c0_0 .net "Acknowledge", 2 0, o0x7a48e7ab6018;  0 drivers
o0x7a48e7ab6048 .functor BUFZ 8, C4<zzzzzzzz>; HiZ drive
v0x5c93989ff160_0 .net "Hours", 7 0, o0x7a48e7ab6048;  0 drivers
o0x7a48e7ab6078 .functor BUFZ 8, C4<zzzzzzzz>; HiZ drive
v0x5c93989ff240_0 .net "Minutes", 7 0, o0x7a48e7ab6078;  0 drivers
o0x7a48e7ab60a8 .functor BUFZ 8, C4<zzzzzzzz>; HiZ drive
v0x5c93989ff330_0 .net "Seconds", 7 0, o0x7a48e7ab60a8;  0 drivers
v0x5c93989ff410_0 .var "algo", 1 0;
v0x5c93989ff540_0 .var "bcd", 3 0;
v0x5c93989ff620_0 .var "c", 7 0;
o0x7a48e7ab6168 .functor BUFZ 1, C4<z>; HiZ drive
v0x5c93989ff700_0 .net "clk", 0 0, o0x7a48e7ab6168;  0 drivers
v0x5c93989ff7c0_0 .var "clk2", 0 0;
v0x5c93989ff880_0 .var "count", 18 0;
E_0x5c93989e6eb0 .event posedge, v0x5c93989ff7c0_0;
E_0x5c93989e66e0 .event posedge, v0x5c93989ff700_0;
    .scope S_0x5c93989ac4f0;
T_0 ;
    %pushi/vec4 0, 0, 2;
    %assign/vec4 v0x5c93989ff410_0, 0;
    %pushi/vec4 0, 0, 8;
    %assign/vec4 v0x5c93989ff620_0, 0;
    %pushi/vec4 0, 0, 4;
    %assign/vec4 v0x5c93989ff540_0, 0;
    %pushi/vec4 0, 0, 19;
    %assign/vec4 v0x5c93989ff880_0, 0;
    %end;
    .thread T_0;
    .scope S_0x5c93989ac4f0;
T_1 ;
    %pushi/vec4 0, 0, 1;
    %store/vec4 v0x5c93989ff7c0_0, 0, 1;
    %end;
    .thread T_1;
    .scope S_0x5c93989ac4f0;
T_2 ;
    %wait E_0x5c93989e66e0;
    %load/vec4 v0x5c93989ff880_0;
    %pad/u 32;
    %cmpi/e 200000, 0, 32;
    %jmp/0xz  T_2.0, 4;
    %pushi/vec4 0, 0, 19;
    %assign/vec4 v0x5c93989ff880_0, 0;
    %load/vec4 v0x5c93989ff7c0_0;
    %inv;
    %assign/vec4 v0x5c93989ff7c0_0, 0;
    %jmp T_2.1;
T_2.0 ;
    %load/vec4 v0x5c93989ff880_0;
    %addi 1, 0, 19;
    %assign/vec4 v0x5c93989ff880_0, 0;
T_2.1 ;
    %jmp T_2;
    .thread T_2;
    .scope S_0x5c93989ac4f0;
T_3 ;
    %wait E_0x5c93989e6eb0;
    %load/vec4 v0x5c93989ff410_0;
    %pad/u 3;
    %dup/vec4;
    %pushi/vec4 0, 0, 3;
    %cmp/u;
    %jmp/1 T_3.0, 6;
    %dup/vec4;
    %pushi/vec4 1, 0, 3;
    %cmp/u;
    %jmp/1 T_3.1, 6;
    %dup/vec4;
    %pushi/vec4 2, 0, 3;
    %cmp/u;
    %jmp/1 T_3.2, 6;
    %dup/vec4;
    %pushi/vec4 3, 0, 3;
    %cmp/u;
    %jmp/1 T_3.3, 6;
    %dup/vec4;
    %pushi/vec4 4, 0, 3;
    %cmp/u;
    %jmp/1 T_3.4, 6;
    %dup/vec4;
    %pushi/vec4 5, 0, 3;
    %cmp/u;
    %jmp/1 T_3.5, 6;
    %jmp T_3.6;
T_3.0 ;
    %load/vec4 v0x5c93989ff330_0;
    %parti/s 4, 0, 2;
    %assign/vec4 v0x5c93989ff540_0, 0;
    %pushi/vec4 1, 0, 2;
    %assign/vec4 v0x5c93989ff410_0, 0;
    %pushi/vec4 254, 0, 8;
    %assign/vec4 v0x5c93989ff620_0, 0;
    %jmp T_3.6;
T_3.1 ;
    %load/vec4 v0x5c93989ff330_0;
    %parti/s 4, 4, 4;
    %assign/vec4 v0x5c93989ff540_0, 0;
    %pushi/vec4 2, 0, 2;
    %assign/vec4 v0x5c93989ff410_0, 0;
    %pushi/vec4 253, 0, 8;
    %assign/vec4 v0x5c93989ff620_0, 0;
    %jmp T_3.6;
T_3.2 ;
    %load/vec4 v0x5c93989ff240_0;
    %parti/s 4, 0, 2;
    %assign/vec4 v0x5c93989ff540_0, 0;
    %pushi/vec4 3, 0, 2;
    %assign/vec4 v0x5c93989ff410_0, 0;
    %pushi/vec4 251, 0, 8;
    %assign/vec4 v0x5c93989ff620_0, 0;
    %jmp T_3.6;
T_3.3 ;
    %load/vec4 v0x5c93989ff240_0;
    %parti/s 4, 4, 4;
    %assign/vec4 v0x5c93989ff540_0, 0;
    %pushi/vec4 0, 0, 2;
    %assign/vec4 v0x5c93989ff410_0, 0;
    %pushi/vec4 247, 0, 8;
    %assign/vec4 v0x5c93989ff620_0, 0;
    %jmp T_3.6;
T_3.4 ;
    %load/vec4 v0x5c93989ff160_0;
    %parti/s 4, 0, 2;
    %assign/vec4 v0x5c93989ff540_0, 0;
    %pushi/vec4 1, 0, 2;
    %assign/vec4 v0x5c93989ff410_0, 0;
    %pushi/vec4 239, 0, 8;
    %assign/vec4 v0x5c93989ff620_0, 0;
    %jmp T_3.6;
T_3.5 ;
    %load/vec4 v0x5c93989ff160_0;
    %parti/s 4, 4, 4;
    %assign/vec4 v0x5c93989ff540_0, 0;
    %pushi/vec4 0, 0, 2;
    %assign/vec4 v0x5c93989ff410_0, 0;
    %pushi/vec4 223, 0, 8;
    %assign/vec4 v0x5c93989ff620_0, 0;
    %jmp T_3.6;
T_3.6 ;
    %pop/vec4 1;
    %jmp T_3;
    .thread T_3;
# The file index is used to find the file name in the following table.
:file_names 3;
    "N/A";
    "<interactive>";
    "BCD.v";
