#! /usr/bin/vvp
:ivl_version "12.0 (stable)";
:ivl_delay_selection "TYPICAL";
:vpi_time_precision + 0;
:vpi_module "/usr/lib/x86_64-linux-gnu/ivl/system.vpi";
:vpi_module "/usr/lib/x86_64-linux-gnu/ivl/vhdl_sys.vpi";
:vpi_module "/usr/lib/x86_64-linux-gnu/ivl/vhdl_textio.vpi";
:vpi_module "/usr/lib/x86_64-linux-gnu/ivl/v2005_math.vpi";
:vpi_module "/usr/lib/x86_64-linux-gnu/ivl/va_math.vpi";
S_0x5e69d968d4c0 .scope module, "alarm_led" "alarm_led" 2 1;
 .timescale 0 0;
    .port_info 0 /INPUT 1 "clk";
    .port_info 1 /INPUT 8 "Minutes";
    .port_info 2 /INPUT 8 "Seconds";
    .port_info 3 /OUTPUT 1 "buzzer";
    .port_info 4 /OUTPUT 7 "leds";
    .port_info 5 /OUTPUT 3 "led_index";
o0x7d44120e6018 .functor BUFZ 8, C4<zzzzzzzz>; HiZ drive
v0x5e69d968d6f0_0 .net "Minutes", 7 0, o0x7d44120e6018;  0 drivers
v0x5e69d96e5f90_0 .net "Minutes_C", 7 0, L_0x5e69d96e7db0;  1 drivers
o0x7d44120e6078 .functor BUFZ 8, C4<zzzzzzzz>; HiZ drive
v0x5e69d96e6070_0 .net "Seconds", 7 0, o0x7d44120e6078;  0 drivers
v0x5e69d96e6130_0 .net "Seconds_C", 7 0, L_0x5e69d96e85a0;  1 drivers
v0x5e69d96e6210_0 .net *"_ivl_1", 3 0, L_0x5e69d96e77f0;  1 drivers
v0x5e69d96e6340_0 .net *"_ivl_11", 3 0, L_0x5e69d96e7b50;  1 drivers
v0x5e69d96e6420_0 .net *"_ivl_12", 7 0, L_0x5e69d96e7c70;  1 drivers
L_0x7d441209d0a8 .functor BUFT 1, C4<0000>, C4<0>, C4<0>, C4<0>;
v0x5e69d96e6500_0 .net *"_ivl_15", 3 0, L_0x7d441209d0a8;  1 drivers
v0x5e69d96e65e0_0 .net *"_ivl_19", 3 0, L_0x5e69d96e7fa0;  1 drivers
v0x5e69d96e66c0_0 .net *"_ivl_2", 7 0, L_0x5e69d96e78c0;  1 drivers
v0x5e69d96e67a0_0 .net *"_ivl_20", 7 0, L_0x5e69d96e8040;  1 drivers
L_0x7d441209d0f0 .functor BUFT 1, C4<0000>, C4<0>, C4<0>, C4<0>;
v0x5e69d96e6880_0 .net *"_ivl_23", 3 0, L_0x7d441209d0f0;  1 drivers
L_0x7d441209d138 .functor BUFT 1, C4<00001010>, C4<0>, C4<0>, C4<0>;
v0x5e69d96e6960_0 .net/2u *"_ivl_24", 7 0, L_0x7d441209d138;  1 drivers
v0x5e69d96e6a40_0 .net *"_ivl_27", 7 0, L_0x5e69d96e8220;  1 drivers
v0x5e69d96e6b20_0 .net *"_ivl_29", 3 0, L_0x5e69d96e8360;  1 drivers
v0x5e69d96e6c00_0 .net *"_ivl_30", 7 0, L_0x5e69d96e84b0;  1 drivers
L_0x7d441209d180 .functor BUFT 1, C4<0000>, C4<0>, C4<0>, C4<0>;
v0x5e69d96e6ce0_0 .net *"_ivl_33", 3 0, L_0x7d441209d180;  1 drivers
L_0x7d441209d018 .functor BUFT 1, C4<0000>, C4<0>, C4<0>, C4<0>;
v0x5e69d96e6ed0_0 .net *"_ivl_5", 3 0, L_0x7d441209d018;  1 drivers
L_0x7d441209d060 .functor BUFT 1, C4<00001010>, C4<0>, C4<0>, C4<0>;
v0x5e69d96e6fb0_0 .net/2u *"_ivl_6", 7 0, L_0x7d441209d060;  1 drivers
v0x5e69d96e7090_0 .net *"_ivl_9", 7 0, L_0x5e69d96e79e0;  1 drivers
v0x5e69d96e7170_0 .var "buzzer", 0 0;
o0x7d44120e6408 .functor BUFZ 1, C4<z>; HiZ drive
v0x5e69d96e7230_0 .net "clk", 0 0, o0x7d44120e6408;  0 drivers
v0x5e69d96e72f0_0 .var "flag", 0 0;
v0x5e69d96e73b0_0 .var "intervalo", 5 0;
v0x5e69d96e7490_0 .var "last_min_bin", 7 0;
v0x5e69d96e7570_0 .var "led_index", 2 0;
v0x5e69d96e7650_0 .var "leds", 6 0;
E_0x5e69d96c69c0 .event posedge, v0x5e69d96e7230_0;
L_0x5e69d96e77f0 .part o0x7d44120e6018, 4, 4;
L_0x5e69d96e78c0 .concat [ 4 4 0 0], L_0x5e69d96e77f0, L_0x7d441209d018;
L_0x5e69d96e79e0 .arith/mult 8, L_0x5e69d96e78c0, L_0x7d441209d060;
L_0x5e69d96e7b50 .part o0x7d44120e6018, 0, 4;
L_0x5e69d96e7c70 .concat [ 4 4 0 0], L_0x5e69d96e7b50, L_0x7d441209d0a8;
L_0x5e69d96e7db0 .arith/sum 8, L_0x5e69d96e79e0, L_0x5e69d96e7c70;
L_0x5e69d96e7fa0 .part o0x7d44120e6078, 4, 4;
L_0x5e69d96e8040 .concat [ 4 4 0 0], L_0x5e69d96e7fa0, L_0x7d441209d0f0;
L_0x5e69d96e8220 .arith/mult 8, L_0x5e69d96e8040, L_0x7d441209d138;
L_0x5e69d96e8360 .part o0x7d44120e6078, 0, 4;
L_0x5e69d96e84b0 .concat [ 4 4 0 0], L_0x5e69d96e8360, L_0x7d441209d180;
L_0x5e69d96e85a0 .arith/sum 8, L_0x5e69d96e8220, L_0x5e69d96e84b0;
    .scope S_0x5e69d968d4c0;
T_0 ;
    %pushi/vec4 1, 0, 6;
    %assign/vec4 v0x5e69d96e73b0_0, 0;
    %pushi/vec4 6, 0, 3;
    %assign/vec4 v0x5e69d96e7570_0, 0;
    %pushi/vec4 0, 0, 8;
    %assign/vec4 v0x5e69d96e7490_0, 0;
    %pushi/vec4 0, 0, 1;
    %assign/vec4 v0x5e69d96e72f0_0, 0;
    %pushi/vec4 0, 0, 7;
    %assign/vec4 v0x5e69d96e7650_0, 0;
    %end;
    .thread T_0;
    .scope S_0x5e69d968d4c0;
T_1 ;
    %wait E_0x5e69d96c69c0;
    %load/vec4 v0x5e69d968d6f0_0;
    %assign/vec4 v0x5e69d96e7490_0, 0;
    %load/vec4 v0x5e69d96e5f90_0;
    %pad/u 32;
    %load/vec4 v0x5e69d96e73b0_0;
    %pad/u 32;
    %mod;
    %pushi/vec4 0, 0, 32;
    %cmp/e;
    %flag_get/vec4 4;
    %load/vec4 v0x5e69d96e7490_0;
    %load/vec4 v0x5e69d968d6f0_0;
    %cmp/e;
    %flag_get/vec4 4;
    %and;
    %flag_set/vec4 8;
    %jmp/0xz  T_1.0, 8;
    %pushi/vec4 0, 0, 1;
    %assign/vec4 v0x5e69d96e7170_0, 0;
    %load/vec4 v0x5e69d96e7570_0;
    %dup/vec4;
    %pushi/vec4 0, 0, 3;
    %cmp/u;
    %jmp/1 T_1.2, 6;
    %dup/vec4;
    %pushi/vec4 1, 0, 3;
    %cmp/u;
    %jmp/1 T_1.3, 6;
    %dup/vec4;
    %pushi/vec4 2, 0, 3;
    %cmp/u;
    %jmp/1 T_1.4, 6;
    %dup/vec4;
    %pushi/vec4 3, 0, 3;
    %cmp/u;
    %jmp/1 T_1.5, 6;
    %dup/vec4;
    %pushi/vec4 4, 0, 3;
    %cmp/u;
    %jmp/1 T_1.6, 6;
    %dup/vec4;
    %pushi/vec4 5, 0, 3;
    %cmp/u;
    %jmp/1 T_1.7, 6;
    %dup/vec4;
    %pushi/vec4 6, 0, 3;
    %cmp/u;
    %jmp/1 T_1.8, 6;
    %jmp T_1.9;
T_1.2 ;
    %pushi/vec4 1, 0, 7;
    %assign/vec4 v0x5e69d96e7650_0, 0;
    %jmp T_1.9;
T_1.3 ;
    %pushi/vec4 2, 0, 7;
    %assign/vec4 v0x5e69d96e7650_0, 0;
    %jmp T_1.9;
T_1.4 ;
    %pushi/vec4 4, 0, 7;
    %assign/vec4 v0x5e69d96e7650_0, 0;
    %jmp T_1.9;
T_1.5 ;
    %pushi/vec4 8, 0, 7;
    %assign/vec4 v0x5e69d96e7650_0, 0;
    %jmp T_1.9;
T_1.6 ;
    %pushi/vec4 16, 0, 7;
    %assign/vec4 v0x5e69d96e7650_0, 0;
    %jmp T_1.9;
T_1.7 ;
    %pushi/vec4 32, 0, 7;
    %assign/vec4 v0x5e69d96e7650_0, 0;
    %jmp T_1.9;
T_1.8 ;
    %pushi/vec4 64, 0, 7;
    %assign/vec4 v0x5e69d96e7650_0, 0;
    %jmp T_1.9;
T_1.9 ;
    %pop/vec4 1;
    %pushi/vec4 1, 0, 1;
    %assign/vec4 v0x5e69d96e72f0_0, 0;
    %load/vec4 v0x5e69d96e6130_0;
    %pad/u 32;
    %cmpi/u 10, 0, 32;
    %jmp/0xz  T_1.10, 5;
    %load/vec4 v0x5e69d96e6130_0;
    %pad/u 32;
    %cmpi/u 0, 0, 32;
    %flag_inv 5; GE is !LT
    %flag_get/vec4 5;
    %jmp/0 T_1.18, 5;
    %load/vec4 v0x5e69d96e6130_0;
    %pad/u 32;
    %cmpi/u 1, 0, 32;
    %flag_get/vec4 5;
    %and;
T_1.18;
    %flag_set/vec4 8;
    %jmp/1 T_1.17, 8;
    %load/vec4 v0x5e69d96e6130_0;
    %pad/u 32;
    %cmpi/u 2, 0, 32;
    %flag_inv 5; GE is !LT
    %flag_get/vec4 5;
    %jmp/0 T_1.19, 5;
    %load/vec4 v0x5e69d96e6130_0;
    %pad/u 32;
    %cmpi/u 3, 0, 32;
    %flag_get/vec4 5;
    %and;
T_1.19;
    %flag_set/vec4 9;
    %flag_or 8, 9;
T_1.17;
    %jmp/1 T_1.16, 8;
    %load/vec4 v0x5e69d96e6130_0;
    %pad/u 32;
    %cmpi/u 4, 0, 32;
    %flag_inv 5; GE is !LT
    %flag_get/vec4 5;
    %jmp/0 T_1.20, 5;
    %load/vec4 v0x5e69d96e6130_0;
    %pad/u 32;
    %cmpi/u 5, 0, 32;
    %flag_get/vec4 5;
    %and;
T_1.20;
    %flag_set/vec4 9;
    %flag_or 8, 9;
T_1.16;
    %jmp/1 T_1.15, 8;
    %load/vec4 v0x5e69d96e6130_0;
    %pad/u 32;
    %cmpi/u 6, 0, 32;
    %flag_inv 5; GE is !LT
    %flag_get/vec4 5;
    %jmp/0 T_1.21, 5;
    %load/vec4 v0x5e69d96e6130_0;
    %pad/u 32;
    %cmpi/u 7, 0, 32;
    %flag_get/vec4 5;
    %and;
T_1.21;
    %flag_set/vec4 9;
    %flag_or 8, 9;
T_1.15;
    %jmp/1 T_1.14, 8;
    %load/vec4 v0x5e69d96e6130_0;
    %pad/u 32;
    %cmpi/u 8, 0, 32;
    %flag_inv 5; GE is !LT
    %flag_get/vec4 5;
    %jmp/0 T_1.22, 5;
    %load/vec4 v0x5e69d96e6130_0;
    %pad/u 32;
    %cmpi/u 9, 0, 32;
    %flag_get/vec4 5;
    %and;
T_1.22;
    %flag_set/vec4 9;
    %flag_or 8, 9;
T_1.14;
    %jmp/0xz  T_1.12, 8;
    %pushi/vec4 0, 0, 1;
    %assign/vec4 v0x5e69d96e7170_0, 0;
    %jmp T_1.13;
T_1.12 ;
    %pushi/vec4 1, 0, 1;
    %assign/vec4 v0x5e69d96e7170_0, 0;
T_1.13 ;
    %jmp T_1.11;
T_1.10 ;
    %pushi/vec4 1, 0, 1;
    %assign/vec4 v0x5e69d96e7170_0, 0;
T_1.11 ;
    %jmp T_1.1;
T_1.0 ;
    %load/vec4 v0x5e69d96e72f0_0;
    %pad/u 32;
    %pushi/vec4 1, 0, 32;
    %cmp/e;
    %flag_get/vec4 4;
    %load/vec4 v0x5e69d96e7490_0;
    %load/vec4 v0x5e69d968d6f0_0;
    %cmp/ne;
    %flag_get/vec4 4;
    %and;
    %flag_set/vec4 8;
    %jmp/0xz  T_1.23, 8;
    %load/vec4 v0x5e69d96e7570_0;
    %cmpi/e 6, 0, 3;
    %flag_mov 8, 4;
    %jmp/0 T_1.25, 8;
    %pushi/vec4 0, 0, 3;
    %jmp/1 T_1.26, 8;
T_1.25 ; End of true expr.
    %load/vec4 v0x5e69d96e7570_0;
    %addi 1, 0, 3;
    %jmp/0 T_1.26, 8;
 ; End of false expr.
    %blend;
T_1.26;
    %assign/vec4 v0x5e69d96e7570_0, 0;
    %pushi/vec4 0, 0, 1;
    %assign/vec4 v0x5e69d96e72f0_0, 0;
    %jmp T_1.24;
T_1.23 ;
    %pushi/vec4 1, 0, 1;
    %assign/vec4 v0x5e69d96e7170_0, 0;
    %pushi/vec4 0, 0, 7;
    %assign/vec4 v0x5e69d96e7650_0, 0;
    %pushi/vec4 0, 0, 1;
    %assign/vec4 v0x5e69d96e72f0_0, 0;
T_1.24 ;
T_1.1 ;
    %jmp T_1;
    .thread T_1;
# The file index is used to find the file name in the following table.
:file_names 3;
    "N/A";
    "<interactive>";
    "Arquitectura_Digital/alarm_led.v";
